fbevents.js:1 Failed to load resource: net::ERR_BLOCKED_BY_CLIENT
fbevents.js:1 Failed to load resource: net::ERR_BLOCKED_BY_CLIENT
fbevents.js:1 Failed to load resource: net::ERR_BLOCKED_BY_CLIENT
fbevents.js:1 Failed to load resource: net::ERR_BLOCKED_BY_CLIENT
sync:1 Failed to load resource: net::ERR_BLOCKED_BY_CLIENT
sync:1 Failed to load resource: net::ERR_BLOCKED_BY_CLIENT
sync:1 Failed to load resource: net::ERR_BLOCKED_BY_CLIENT
sync:1 Failed to load resource: net::ERR_BLOCKED_BY_CLIENT
cm.gif:1 Failed to load resource: net::ERR_BLOCKED_BY_CLIENT
cm.gif:1 Failed to load resource: net::ERR_BLOCKED_BY_CLIENT
cm.gif:1 Failed to load resource: net::ERR_BLOCKED_BY_CLIENT
cm.gif:1 Failed to load resource: net::ERR_BLOCKED_BY_CLIENT
m:1 Failed to load resource: net::ERR_BLOCKED_BY_CLIENT
m:1 Failed to load resource: net::ERR_BLOCKED_BY_CLIENT
m:1 Failed to load resource: net::ERR_BLOCKED_BY_CLIENT
m:1 Failed to load resource: net::ERR_BLOCKED_BY_CLIENT
s.ad.smaato.net/:1 Failed to load resource: net::ERR_BLOCKED_BY_CLIENT
s.ad.smaato.net/:1 Failed to load resource: net::ERR_BLOCKED_BY_CLIENT
s.ad.smaato.net/:1 Failed to load resource: net::ERR_BLOCKED_BY_CLIENT
s.ad.smaato.net/:1 Failed to load resource: net::ERR_BLOCKED_BY_CLIENT
m:1 Failed to load resource: net::ERR_BLOCKED_BY_CLIENT
m:1 Failed to load resource: net::ERR_BLOCKED_BY_CLIENT
m:1 Failed to load resource: net::ERR_BLOCKED_BY_CLIENT
m:1 Failed to load resource: net::ERR_BLOCKED_BY_CLIENT
browser.vendor.fa679d3.js:29 Uncaught ReducerCollisionError: There are two different reducers for "visibleSearchResult"
    at e.t._addReducer (browser.vendor.fa679d3.js:24)
    at e.t.addCollectionReducer (browser.vendor.fa679d3.js:24)
    at e.t._addReducers (browser.vendor.fa679d3.js:1)
    at e.t._renderReactWidget (browser.vendor.fa679d3.js:1)
    at e.t._initReactWidget (browser.vendor.fa679d3.js:1)
    at n (browser.vendor.fa679d3.js:1)
    at browser.vendor.fa679d3.js:1
    at browser.vendor.fa679d3.js:24
    at Array.forEach (<anonymous>)
    at Function.e.describe (browser.vendor.fa679d3.js:24)
browser.vendor.fa679d3.js:29 Uncaught ReducerCollisionError: There are two different reducers for "visibleSearchResult"
    at e.t._addReducer (browser.vendor.fa679d3.js:24)
    at e.t.addCollectionReducer (browser.vendor.fa679d3.js:24)
    at e.t._addReducers (browser.vendor.fa679d3.js:1)
    at e.t._renderReactWidget (browser.vendor.fa679d3.js:1)
    at e.t._initReactWidget (browser.vendor.fa679d3.js:1)
    at n (browser.vendor.fa679d3.js:1)
    at browser.vendor.fa679d3.js:1
    at browser.vendor.fa679d3.js:24
    at Array.forEach (<anonymous>)
    at Function.e.describe (browser.vendor.fa679d3.js:24)
browser.vendor.fa679d3.js:29 Uncaught ReducerCollisionError: There are two different reducers for "visibleSearchResult"
    at e.t._addReducer (browser.vendor.fa679d3.js:24)
    at e.t.addCollectionReducer (browser.vendor.fa679d3.js:24)
    at e.t._addReducers (browser.vendor.fa679d3.js:1)
    at e.t._renderReactWidget (browser.vendor.fa679d3.js:1)
    at e.t._initReactWidget (browser.vendor.fa679d3.js:1)
    at n (browser.vendor.fa679d3.js:1)
    at browser.vendor.fa679d3.js:1
    at browser.vendor.fa679d3.js:24
    at Array.forEach (<anonymous>)
    at Function.e.describe (browser.vendor.fa679d3.js:24)
browser.vendor.fa679d3.js:29 Uncaught ReducerCollisionError: There are two different reducers for "visibleSearchResult"
    at e.t._addReducer (browser.vendor.fa679d3.js:24)
    at e.t.addCollectionReducer (browser.vendor.fa679d3.js:24)
    at e.t._addReducers (browser.vendor.fa679d3.js:1)
    at e.t._renderReactWidget (browser.vendor.fa679d3.js:1)
    at e.t._initReactWidget (browser.vendor.fa679d3.js:1)
    at n (browser.vendor.fa679d3.js:1)
    at browser.vendor.fa679d3.js:1
    at browser.vendor.fa679d3.js:24
    at Array.forEach (<anonymous>)
    at Function.e.describe (browser.vendor.fa679d3.js:24)
browser.vendor.fa679d3.js:29 Uncaught ReducerCollisionError: There are two different reducers for "visibleSearchResult"
    at e.t._addReducer (browser.vendor.fa679d3.js:24)
    at e.t.addCollectionReducer (browser.vendor.fa679d3.js:24)
    at e.t._addReducers (browser.vendor.fa679d3.js:1)
    at e.t._renderReactWidget (browser.vendor.fa679d3.js:1)
    at e.t._initReactWidget (browser.vendor.fa679d3.js:1)
    at n (browser.vendor.fa679d3.js:1)
    at browser.vendor.fa679d3.js:1
    at browser.vendor.fa679d3.js:24
    at Array.forEach (<anonymous>)
    at Function.e.describe (browser.vendor.fa679d3.js:24)
